[0m17:50:59.250488 [debug] [MainThread]: Sending event: {'category': 'dbt', 'action': 'invocation', 'label': 'start', 'context': [<snowplow_tracker.self_describing_json.SelfDescribingJson object at 0x106adf680>, <snowplow_tracker.self_describing_json.SelfDescribingJson object at 0x107bfbad0>, <snowplow_tracker.self_describing_json.SelfDescribingJson object at 0x107bfb800>]}


============================== 17:50:59.253571 | 3836a7b8-bafc-45bf-9ebf-a0839a28820b ==============================
[0m17:50:59.253571 [info ] [MainThread]: Running with dbt=1.11.11
[0m17:50:59.253908 [debug] [MainThread]: running dbt with arguments {'partial_parse': 'True', 'debug': 'False', 'log_cache_events': 'False', 'printer_width': '80', 'invocation_command': 'dbt init dbt_nyc_taxi', 'version_check': 'True', 'quiet': 'False', 'use_colors': 'True', 'static_parser': 'True', 'indirect_selection': 'eager', 'log_format': 'default', 'target_path': 'None', 'use_experimental_parser': 'False', 'cache_selected_only': 'False', 'warn_error_options': 'WarnErrorOptionsV2(error=[], warn=[], silence=[])', 'send_anonymous_usage_stats': 'True', 'fail_fast': 'False', 'no_print': 'None', 'write_json': 'True', 'profiles_dir': '/Users/michaelbello/.dbt', 'log_path': 'logs', 'warn_error': 'None', 'empty': 'None', 'introspect': 'True'}
[0m17:50:59.263900 [debug] [MainThread]: Starter project path: /opt/anaconda3/lib/python3.12/site-packages/dbt/include/starter_project
[0m17:50:59.267729 [info ] [MainThread]: 
Your new dbt project "dbt_nyc_taxi" was created!

For more information on how to configure the profiles.yml file,
please consult the dbt documentation here:

  https://docs.getdbt.com/docs/configure-your-profile

One more thing:

Need help? Don't hesitate to reach out to us via GitHub issues or on Slack:

  https://community.getdbt.com/

Happy modeling!

[0m17:50:59.267896 [info ] [MainThread]: Setting up your profile.
[0m17:52:11.407495 [info ] [MainThread]: Profile dbt_nyc_taxi written to /Users/michaelbello/.dbt/profiles.yml using target's profile_template.yml and your supplied values. Run 'dbt debug' to validate the connection.
[0m17:52:11.418674 [debug] [MainThread]: Resource report: {"command_name": "init", "command_success": true, "command_wall_clock_time": 72.2249, "process_in_blocks": "0", "process_kernel_time": 1.007164, "process_mem_max_rss": "246743040", "process_out_blocks": "0", "process_user_time": 2.880966}
[0m17:52:11.421909 [debug] [MainThread]: Command `dbt init` succeeded at 17:52:11.421671 after 72.23 seconds
[0m17:52:11.423226 [debug] [MainThread]: Sending event: {'category': 'dbt', 'action': 'invocation', 'label': 'end', 'context': [<snowplow_tracker.self_describing_json.SelfDescribingJson object at 0x107a55fd0>, <snowplow_tracker.self_describing_json.SelfDescribingJson object at 0x1265d6120>, <snowplow_tracker.self_describing_json.SelfDescribingJson object at 0x12660a6c0>]}
[0m17:52:11.423914 [debug] [MainThread]: Flushing usage events
[0m17:52:12.007448 [debug] [MainThread]: An error was encountered while trying to flush usage events
